2019-07-03 10:55:15 [ INFO] - org.springframework.context.support.ClassPathXmlApplicationContext -AbstractApplicationContext.java(578) -Refreshing org.springframework.context.support.ClassPathXmlApplicationContext@6fffcba5: startup date [Wed Jul 03 10:55:15 CST 2019]; root of context hierarchy
2019-07-03 10:55:16 [ INFO] - org.springframework.beans.factory.xml.XmlBeanDefinitionReader -XmlBeanDefinitionReader.java(317) -Loading XML bean definitions from class path resource [spring/applicationContext.xml]
2019-07-03 10:55:19 [ WARN] - org.mybatis.spring.mapper.ClassPathMapperScanner -ClassPathMapperScanner.java(226) -Skipping MapperFactoryBean with name 'userMapper' and 'com.springmvc.dao.UserMapper' mapperInterface. Bean already defined with the same name!
2019-07-03 10:55:19 [ WARN] - org.mybatis.spring.mapper.ClassPathMapperScanner -ClassPathMapperScanner.java(158) -No MyBatis mapper was found in '[com.springmvc.dao]' package. Please check your configuration.
2019-07-03 10:55:19 [ INFO] - org.springframework.beans.factory.config.PropertyPlaceholderConfigurer -PropertiesLoaderSupport.java(172) -Loading properties file from class path resource [jdbc.properties]
2019-07-03 10:55:19 [ INFO] - org.springframework.web.servlet.handler.SimpleUrlHandlerMapping -AbstractUrlHandlerMapping.java(341) -Mapped URL path [/**] onto handler 'org.springframework.web.servlet.resource.DefaultServletHttpRequestHandler#0'
2019-07-03 10:55:20 [ WARN] - org.springframework.beans.factory.support.DefaultListableBeanFactory -AbstractBeanFactory.java(1485) -Bean creation exception on non-lazy FactoryBean type check: org.springframework.beans.factory.BeanCreationException: Error creating bean with name 'userMapper' defined in file [/JAVA/Code/JD/target/classes/com/springmvc/dao/UserMapper.class]: Cannot resolve reference to bean 'sqlSessionFactory' while setting bean property 'sqlSessionFactory'; nested exception is org.springframework.beans.factory.BeanCreationException: Error creating bean with name 'sqlSessionFactory' defined in class path resource [spring/applicationContext.xml]: Invocation of init method failed; nested exception is org.springframework.core.NestedIOException: Failed to parse mapping resource: 'file [/JAVA/Code/JD/target/classes/sqlmap/CourseMapper.xml]'; nested exception is org.apache.ibatis.builder.BuilderException: Error parsing Mapper XML. Cause: org.apache.ibatis.builder.BuilderException: Error resolving class. Cause: org.apache.ibatis.type.TypeException: Could not resolve type alias 'com.springmvc.entity.Course'.  Cause: java.lang.ClassNotFoundException: Cannot find class: com.springmvc.entity.Course
2019-07-03 10:55:21 [ INFO] - org.springframework.web.servlet.mvc.method.annotation.RequestMappingHandlerAdapter -RequestMappingHandlerAdapter.java(532) -Looking for @ControllerAdvice: org.springframework.context.support.ClassPathXmlApplicationContext@6fffcba5: startup date [Wed Jul 03 10:55:15 CST 2019]; root of context hierarchy
2019-07-03 10:55:21 [ INFO] - org.springframework.web.servlet.mvc.method.annotation.RequestMappingHandlerAdapter -RequestMappingHandlerAdapter.java(532) -Looking for @ControllerAdvice: org.springframework.context.support.ClassPathXmlApplicationContext@6fffcba5: startup date [Wed Jul 03 10:55:15 CST 2019]; root of context hierarchy
2019-07-03 10:55:21 [ INFO] - org.springframework.web.servlet.handler.SimpleUrlHandlerMapping -AbstractUrlHandlerMapping.java(341) -Mapped URL path [/images/**] onto handler 'org.springframework.web.servlet.resource.ResourceHttpRequestHandler#0'
2019-07-03 10:55:21 [ INFO] - org.springframework.web.servlet.handler.SimpleUrlHandlerMapping -AbstractUrlHandlerMapping.java(341) -Mapped URL path [/css/**] onto handler 'org.springframework.web.servlet.resource.ResourceHttpRequestHandler#1'
2019-07-03 10:55:21 [ INFO] - org.springframework.web.servlet.handler.SimpleUrlHandlerMapping -AbstractUrlHandlerMapping.java(341) -Mapped URL path [/styles/**] onto handler 'org.springframework.web.servlet.resource.ResourceHttpRequestHandler#2'
2019-07-03 10:55:21 [ INFO] - org.springframework.web.servlet.handler.SimpleUrlHandlerMapping -AbstractUrlHandlerMapping.java(341) -Mapped URL path [/js/**] onto handler 'org.springframework.web.servlet.resource.ResourceHttpRequestHandler#3'
2019-07-03 10:55:21 [ WARN] - org.springframework.context.support.ClassPathXmlApplicationContext -AbstractApplicationContext.java(546) -Exception encountered during context initialization - cancelling refresh attempt: org.springframework.beans.factory.BeanCreationException: Error creating bean with name 'sqlSessionFactory' defined in class path resource [spring/applicationContext.xml]: Invocation of init method failed; nested exception is org.springframework.core.NestedIOException: Failed to parse mapping resource: 'file [/JAVA/Code/JD/target/classes/sqlmap/CourseMapper.xml]'; nested exception is org.apache.ibatis.builder.BuilderException: Error parsing Mapper XML. Cause: org.apache.ibatis.builder.BuilderException: Error resolving class. Cause: org.apache.ibatis.type.TypeException: Could not resolve type alias 'com.springmvc.entity.Course'.  Cause: java.lang.ClassNotFoundException: Cannot find class: com.springmvc.entity.Course
2019-07-03 10:58:24 [ INFO] - org.springframework.context.support.ClassPathXmlApplicationContext -AbstractApplicationContext.java(578) -Refreshing org.springframework.context.support.ClassPathXmlApplicationContext@6fffcba5: startup date [Wed Jul 03 10:58:24 CST 2019]; root of context hierarchy
2019-07-03 10:58:24 [ INFO] - org.springframework.beans.factory.xml.XmlBeanDefinitionReader -XmlBeanDefinitionReader.java(317) -Loading XML bean definitions from class path resource [spring/applicationContext.xml]
2019-07-03 10:58:29 [ WARN] - org.mybatis.spring.mapper.ClassPathMapperScanner -ClassPathMapperScanner.java(226) -Skipping MapperFactoryBean with name 'userMapper' and 'com.springmvc.dao.UserMapper' mapperInterface. Bean already defined with the same name!
2019-07-03 10:58:29 [ WARN] - org.mybatis.spring.mapper.ClassPathMapperScanner -ClassPathMapperScanner.java(158) -No MyBatis mapper was found in '[com.springmvc.dao]' package. Please check your configuration.
2019-07-03 10:58:29 [ INFO] - org.springframework.beans.factory.config.PropertyPlaceholderConfigurer -PropertiesLoaderSupport.java(172) -Loading properties file from class path resource [jdbc.properties]
2019-07-03 10:58:29 [ INFO] - org.springframework.web.servlet.handler.SimpleUrlHandlerMapping -AbstractUrlHandlerMapping.java(341) -Mapped URL path [/**] onto handler 'org.springframework.web.servlet.resource.DefaultServletHttpRequestHandler#0'
2019-07-03 10:58:30 [ INFO] - org.springframework.web.servlet.mvc.method.annotation.RequestMappingHandlerAdapter -RequestMappingHandlerAdapter.java(532) -Looking for @ControllerAdvice: org.springframework.context.support.ClassPathXmlApplicationContext@6fffcba5: startup date [Wed Jul 03 10:58:24 CST 2019]; root of context hierarchy
2019-07-03 10:58:30 [ INFO] - org.springframework.web.servlet.mvc.method.annotation.RequestMappingHandlerAdapter -RequestMappingHandlerAdapter.java(532) -Looking for @ControllerAdvice: org.springframework.context.support.ClassPathXmlApplicationContext@6fffcba5: startup date [Wed Jul 03 10:58:24 CST 2019]; root of context hierarchy
2019-07-03 10:58:30 [ INFO] - org.springframework.web.servlet.handler.SimpleUrlHandlerMapping -AbstractUrlHandlerMapping.java(341) -Mapped URL path [/images/**] onto handler 'org.springframework.web.servlet.resource.ResourceHttpRequestHandler#0'
2019-07-03 10:58:30 [ INFO] - org.springframework.web.servlet.handler.SimpleUrlHandlerMapping -AbstractUrlHandlerMapping.java(341) -Mapped URL path [/css/**] onto handler 'org.springframework.web.servlet.resource.ResourceHttpRequestHandler#1'
2019-07-03 10:58:30 [ INFO] - org.springframework.web.servlet.handler.SimpleUrlHandlerMapping -AbstractUrlHandlerMapping.java(341) -Mapped URL path [/styles/**] onto handler 'org.springframework.web.servlet.resource.ResourceHttpRequestHandler#2'
2019-07-03 10:58:30 [ INFO] - org.springframework.web.servlet.handler.SimpleUrlHandlerMapping -AbstractUrlHandlerMapping.java(341) -Mapped URL path [/js/**] onto handler 'org.springframework.web.servlet.resource.ResourceHttpRequestHandler#3'
2019-07-03 16:37:26 [ INFO] - org.springframework.context.support.ClassPathXmlApplicationContext -AbstractApplicationContext.java(578) -Refreshing org.springframework.context.support.ClassPathXmlApplicationContext@6fffcba5: startup date [Wed Jul 03 16:37:26 CST 2019]; root of context hierarchy
2019-07-03 16:37:26 [ INFO] - org.springframework.beans.factory.xml.XmlBeanDefinitionReader -XmlBeanDefinitionReader.java(317) -Loading XML bean definitions from class path resource [spring/applicationContext.xml]
2019-07-03 16:37:33 [ WARN] - org.mybatis.spring.mapper.ClassPathMapperScanner -ClassPathMapperScanner.java(226) -Skipping MapperFactoryBean with name 'addressMapper' and 'com.springmvc.dao.AddressMapper' mapperInterface. Bean already defined with the same name!
2019-07-03 16:37:33 [ WARN] - org.mybatis.spring.mapper.ClassPathMapperScanner -ClassPathMapperScanner.java(226) -Skipping MapperFactoryBean with name 'shoppingcartMapper' and 'com.springmvc.dao.ShoppingcartMapper' mapperInterface. Bean already defined with the same name!
2019-07-03 16:37:33 [ WARN] - org.mybatis.spring.mapper.ClassPathMapperScanner -ClassPathMapperScanner.java(226) -Skipping MapperFactoryBean with name 'computerMapper' and 'com.springmvc.dao.ComputerMapper' mapperInterface. Bean already defined with the same name!
2019-07-03 16:37:33 [ WARN] - org.mybatis.spring.mapper.ClassPathMapperScanner -ClassPathMapperScanner.java(226) -Skipping MapperFactoryBean with name 'administratorMapper' and 'com.springmvc.dao.AdministratorMapper' mapperInterface. Bean already defined with the same name!
2019-07-03 16:37:33 [ WARN] - org.mybatis.spring.mapper.ClassPathMapperScanner -ClassPathMapperScanner.java(226) -Skipping MapperFactoryBean with name 'orderMapper' and 'com.springmvc.dao.OrderMapper' mapperInterface. Bean already defined with the same name!
2019-07-03 16:37:33 [ WARN] - org.mybatis.spring.mapper.ClassPathMapperScanner -ClassPathMapperScanner.java(226) -Skipping MapperFactoryBean with name 'shopMapper' and 'com.springmvc.dao.ShopMapper' mapperInterface. Bean already defined with the same name!
2019-07-03 16:37:33 [ WARN] - org.mybatis.spring.mapper.ClassPathMapperScanner -ClassPathMapperScanner.java(226) -Skipping MapperFactoryBean with name 'userMapper' and 'com.springmvc.dao.UserMapper' mapperInterface. Bean already defined with the same name!
2019-07-03 16:37:33 [ WARN] - org.mybatis.spring.mapper.ClassPathMapperScanner -ClassPathMapperScanner.java(158) -No MyBatis mapper was found in '[com.springmvc.dao]' package. Please check your configuration.
2019-07-03 16:37:33 [ INFO] - org.springframework.beans.factory.config.PropertyPlaceholderConfigurer -PropertiesLoaderSupport.java(172) -Loading properties file from class path resource [jdbc.properties]
2019-07-03 16:37:33 [ INFO] - org.springframework.web.servlet.handler.SimpleUrlHandlerMapping -AbstractUrlHandlerMapping.java(341) -Mapped URL path [/**] onto handler 'org.springframework.web.servlet.resource.DefaultServletHttpRequestHandler#0'
2019-07-03 16:37:34 [ INFO] - org.springframework.web.servlet.mvc.method.annotation.RequestMappingHandlerAdapter -RequestMappingHandlerAdapter.java(532) -Looking for @ControllerAdvice: org.springframework.context.support.ClassPathXmlApplicationContext@6fffcba5: startup date [Wed Jul 03 16:37:26 CST 2019]; root of context hierarchy
2019-07-03 16:37:34 [ INFO] - org.springframework.web.servlet.mvc.method.annotation.RequestMappingHandlerAdapter -RequestMappingHandlerAdapter.java(532) -Looking for @ControllerAdvice: org.springframework.context.support.ClassPathXmlApplicationContext@6fffcba5: startup date [Wed Jul 03 16:37:26 CST 2019]; root of context hierarchy
2019-07-03 16:37:34 [ INFO] - org.springframework.web.servlet.handler.SimpleUrlHandlerMapping -AbstractUrlHandlerMapping.java(341) -Mapped URL path [/images/**] onto handler 'org.springframework.web.servlet.resource.ResourceHttpRequestHandler#0'
2019-07-03 16:37:34 [ INFO] - org.springframework.web.servlet.handler.SimpleUrlHandlerMapping -AbstractUrlHandlerMapping.java(341) -Mapped URL path [/css/**] onto handler 'org.springframework.web.servlet.resource.ResourceHttpRequestHandler#1'
2019-07-03 16:37:34 [ INFO] - org.springframework.web.servlet.handler.SimpleUrlHandlerMapping -AbstractUrlHandlerMapping.java(341) -Mapped URL path [/styles/**] onto handler 'org.springframework.web.servlet.resource.ResourceHttpRequestHandler#2'
2019-07-03 16:37:34 [ INFO] - org.springframework.web.servlet.handler.SimpleUrlHandlerMapping -AbstractUrlHandlerMapping.java(341) -Mapped URL path [/js/**] onto handler 'org.springframework.web.servlet.resource.ResourceHttpRequestHandler#3'
2019-07-03 16:38:25 [ INFO] - org.springframework.context.support.ClassPathXmlApplicationContext -AbstractApplicationContext.java(578) -Refreshing org.springframework.context.support.ClassPathXmlApplicationContext@6fffcba5: startup date [Wed Jul 03 16:38:25 CST 2019]; root of context hierarchy
2019-07-03 16:38:25 [ INFO] - org.springframework.beans.factory.xml.XmlBeanDefinitionReader -XmlBeanDefinitionReader.java(317) -Loading XML bean definitions from class path resource [spring/applicationContext.xml]
2019-07-03 16:38:28 [ WARN] - org.mybatis.spring.mapper.ClassPathMapperScanner -ClassPathMapperScanner.java(226) -Skipping MapperFactoryBean with name 'addressMapper' and 'com.springmvc.dao.AddressMapper' mapperInterface. Bean already defined with the same name!
2019-07-03 16:38:28 [ WARN] - org.mybatis.spring.mapper.ClassPathMapperScanner -ClassPathMapperScanner.java(226) -Skipping MapperFactoryBean with name 'shoppingcartMapper' and 'com.springmvc.dao.ShoppingcartMapper' mapperInterface. Bean already defined with the same name!
2019-07-03 16:38:28 [ WARN] - org.mybatis.spring.mapper.ClassPathMapperScanner -ClassPathMapperScanner.java(226) -Skipping MapperFactoryBean with name 'computerMapper' and 'com.springmvc.dao.ComputerMapper' mapperInterface. Bean already defined with the same name!
2019-07-03 16:38:28 [ WARN] - org.mybatis.spring.mapper.ClassPathMapperScanner -ClassPathMapperScanner.java(226) -Skipping MapperFactoryBean with name 'administratorMapper' and 'com.springmvc.dao.AdministratorMapper' mapperInterface. Bean already defined with the same name!
2019-07-03 16:38:28 [ WARN] - org.mybatis.spring.mapper.ClassPathMapperScanner -ClassPathMapperScanner.java(226) -Skipping MapperFactoryBean with name 'orderMapper' and 'com.springmvc.dao.OrderMapper' mapperInterface. Bean already defined with the same name!
2019-07-03 16:38:28 [ WARN] - org.mybatis.spring.mapper.ClassPathMapperScanner -ClassPathMapperScanner.java(226) -Skipping MapperFactoryBean with name 'shopMapper' and 'com.springmvc.dao.ShopMapper' mapperInterface. Bean already defined with the same name!
2019-07-03 16:38:28 [ WARN] - org.mybatis.spring.mapper.ClassPathMapperScanner -ClassPathMapperScanner.java(226) -Skipping MapperFactoryBean with name 'userMapper' and 'com.springmvc.dao.UserMapper' mapperInterface. Bean already defined with the same name!
2019-07-03 16:38:28 [ WARN] - org.mybatis.spring.mapper.ClassPathMapperScanner -ClassPathMapperScanner.java(158) -No MyBatis mapper was found in '[com.springmvc.dao]' package. Please check your configuration.
2019-07-03 16:38:28 [ INFO] - org.springframework.beans.factory.config.PropertyPlaceholderConfigurer -PropertiesLoaderSupport.java(172) -Loading properties file from class path resource [jdbc.properties]
2019-07-03 16:38:28 [ INFO] - org.springframework.web.servlet.handler.SimpleUrlHandlerMapping -AbstractUrlHandlerMapping.java(341) -Mapped URL path [/**] onto handler 'org.springframework.web.servlet.resource.DefaultServletHttpRequestHandler#0'
2019-07-03 16:38:29 [ INFO] - org.springframework.web.servlet.mvc.method.annotation.RequestMappingHandlerAdapter -RequestMappingHandlerAdapter.java(532) -Looking for @ControllerAdvice: org.springframework.context.support.ClassPathXmlApplicationContext@6fffcba5: startup date [Wed Jul 03 16:38:25 CST 2019]; root of context hierarchy
2019-07-03 16:38:29 [ INFO] - org.springframework.web.servlet.mvc.method.annotation.RequestMappingHandlerAdapter -RequestMappingHandlerAdapter.java(532) -Looking for @ControllerAdvice: org.springframework.context.support.ClassPathXmlApplicationContext@6fffcba5: startup date [Wed Jul 03 16:38:25 CST 2019]; root of context hierarchy
2019-07-03 16:38:29 [ INFO] - org.springframework.web.servlet.handler.SimpleUrlHandlerMapping -AbstractUrlHandlerMapping.java(341) -Mapped URL path [/images/**] onto handler 'org.springframework.web.servlet.resource.ResourceHttpRequestHandler#0'
2019-07-03 16:38:29 [ INFO] - org.springframework.web.servlet.handler.SimpleUrlHandlerMapping -AbstractUrlHandlerMapping.java(341) -Mapped URL path [/css/**] onto handler 'org.springframework.web.servlet.resource.ResourceHttpRequestHandler#1'
2019-07-03 16:38:29 [ INFO] - org.springframework.web.servlet.handler.SimpleUrlHandlerMapping -AbstractUrlHandlerMapping.java(341) -Mapped URL path [/styles/**] onto handler 'org.springframework.web.servlet.resource.ResourceHttpRequestHandler#2'
2019-07-03 16:38:29 [ INFO] - org.springframework.web.servlet.handler.SimpleUrlHandlerMapping -AbstractUrlHandlerMapping.java(341) -Mapped URL path [/js/**] onto handler 'org.springframework.web.servlet.resource.ResourceHttpRequestHandler#3'
